<?xml version="1.0" encoding="UTF-8"?>
<!-- Generated by org.testng.reporters.JUnitReportReporter -->
<testsuite hostname="Devi" failures="0" tests="3" name="practice.testng.GetProductInfoUsingUtilityTest" time="42.923" errors="0" timestamp="2024-09-13T12:39:29 IST" skipped="0">
  <testcase classname="practice.testng.GetProductInfoUsingUtilityTest" name="getProductPrice" time="12.939"/>
  <testcase classname="practice.testng.GetProductInfoUsingUtilityTest" name="getProductPrice" time="15.931"/>
  <testcase classname="practice.testng.GetProductInfoUsingUtilityTest" name="getProductPrice" time="14.053"/>
</testsuite> <!-- practice.testng.GetProductInfoUsingUtilityTest -->
