<?xml version="1.0" encoding="UTF-8"?>
<!-- Generated by org.testng.reporters.JUnitReportReporter -->
<testsuite hostname="Devi" failures="0" tests="1" name="com.vtiger.crm.vendortest.CreateVendorWithPurchaseOrder" time="29.109" errors="0" timestamp="2024-10-03T11:51:51 IST" skipped="0">
  <testcase classname="com.vtiger.crm.vendortest.CreateVendorWithPurchaseOrder" name="CreateVendorWithOrder" time="29.109"/>
</testsuite> <!-- com.vtiger.crm.vendortest.CreateVendorWithPurchaseOrder -->
