<?xml version="1.0" encoding="UTF-8"?>
<!-- Generated by org.testng.reporters.JUnitReportReporter -->
<testsuite hostname="Devi" failures="0" tests="1" name="com.vtiger.crm.orgtest.CreateOrganizationTest" time="23.820" errors="0" timestamp="2024-10-07T16:34:58 IST" skipped="0">
  <testcase classname="com.vtiger.crm.orgtest.CreateOrganizationTest" name="CreateOrgTest" time="23.820"/>
</testsuite> <!-- com.vtiger.crm.orgtest.CreateOrganizationTest -->
