<?xml version="1.0" encoding="UTF-8"?>
<!-- Generated by org.testng.reporters.JUnitReportReporter -->
<testsuite hostname="Devi" failures="0" tests="1" name="com.vtiger.crm.contacttest.CreateContactWithOrgName" time="26.421" errors="0" timestamp="2024-10-03T22:38:10 IST" skipped="0">
  <testcase classname="com.vtiger.crm.contacttest.CreateContactWithOrgName" name="CreateContactWithOrgName" time="26.421"/>
</testsuite> <!-- com.vtiger.crm.contacttest.CreateContactWithOrgName -->
