<?xml version="1.0" encoding="UTF-8"?>
<!-- Generated by org.testng.reporters.JUnitReportReporter -->
<testsuite hostname="Devi" failures="0" tests="1" name="practice.testng.ProductPrice" time="11.460" errors="0" timestamp="2024-09-25T12:52:38 IST" skipped="0">
  <testcase classname="practice.testng.ProductPrice" name="product" time="11.460"/>
</testsuite> <!-- practice.testng.ProductPrice -->
