<?xml version="1.0" encoding="UTF-8"?>
<!-- Generated by org.testng.reporters.JUnitReportReporter -->
<testsuite hostname="Devi" failures="0" tests="1" name="com.vtiger.crm.producttest.ProductWithDate" time="22.599" errors="0" timestamp="2024-10-05T13:00:55 IST" skipped="0">
  <testcase classname="com.vtiger.crm.producttest.ProductWithDate" name="productWithDate" time="22.599"/>
</testsuite> <!-- com.vtiger.crm.producttest.ProductWithDate -->
