<?xml version="1.0" encoding="UTF-8"?>
<!-- Generated by org.testng.reporters.JUnitReportReporter -->
<testsuite hostname="Devi" failures="0" tests="1" name="com.vtiger.crm.contacttest.CreateContactWithSupportDate" time="17.310" errors="0" timestamp="2024-09-26T15:35:43 IST" skipped="0">
  <testcase classname="com.vtiger.crm.contacttest.CreateContactWithSupportDate" name="CreateContactWithSupportDate" time="17.310"/>
</testsuite> <!-- com.vtiger.crm.contacttest.CreateContactWithSupportDate -->
