<?xml version="1.0" encoding="UTF-8"?>
<!-- Generated by org.testng.reporters.JUnitReportReporter -->
<testsuite hostname="Devi" failures="0" tests="2" name="com.vtiger.crm.contacttest.CreateContactTest" time="65.226" errors="0" timestamp="2024-10-06T22:20:38 IST" skipped="0">
  <testcase classname="com.vtiger.crm.contacttest.CreateContactTest" name="createContactWithOrganization" time="41.144"/>
  <testcase classname="com.vtiger.crm.contacttest.CreateContactTest" name="CreateContactWithSupportDate" time="24.082"/>
</testsuite> <!-- com.vtiger.crm.contacttest.CreateContactTest -->
