<?xml version="1.0" encoding="UTF-8"?>
<!-- Generated by org.testng.reporters.JUnitReportReporter -->
<testsuite hostname="Devi" failures="0" tests="1" name="practice.verificationtestng.InvoiceTest" time="5.814" errors="0" timestamp="2024-09-21T10:46:25 IST" skipped="0">
  <testcase classname="practice.verificationtestng.InvoiceTest" name="activateSim" time="5.814"/>
</testsuite> <!-- practice.verificationtestng.InvoiceTest -->
