<?xml version="1.0" encoding="UTF-8"?>
<!-- Generated by org.testng.reporters.JUnitReportReporter -->
<testsuite hostname="Devi" failures="0" tests="2" name="com.vtiger.crm.vendortest.CreateVendorTest" time="55.524" errors="0" timestamp="2024-10-06T22:20:38 IST" skipped="0">
  <testcase classname="com.vtiger.crm.vendortest.CreateVendorTest" name="createVendorTest" time="17.822"/>
  <testcase classname="com.vtiger.crm.vendortest.CreateVendorTest" name="CreateVendorWithOrder" time="37.702"/>
</testsuite> <!-- com.vtiger.crm.vendortest.CreateVendorTest -->
