<?xml version="1.0" encoding="UTF-8"?>
<!-- Generated by org.testng.reporters.JUnitReportReporter -->
<testsuite hostname="Devi" failures="0" tests="1" name="com.vtiger.crm.leadstest.CreateLead" time="25.680" errors="0" timestamp="2024-10-04T14:05:45 IST" skipped="0">
  <testcase classname="com.vtiger.crm.leadstest.CreateLead" name="createLead" time="25.680"/>
</testsuite> <!-- com.vtiger.crm.leadstest.CreateLead -->
