<?xml version="1.0" encoding="UTF-8"?>
<!-- Generated by org.testng.reporters.JUnitReportReporter -->
<testsuite hostname="Devi" failures="0" tests="1" name="com.vtiger.crm.vendortest.CreateVendorTest" time="31.769" errors="0" timestamp="2024-09-28T19:47:26 IST" skipped="0">
  <testcase classname="com.vtiger.crm.vendortest.CreateVendorTest" name="CreateVendorWithOrder" time="31.769"/>
  <system-out/>
</testsuite> <!-- com.vtiger.crm.vendortest.CreateVendorTest -->
