<?xml version="1.0" encoding="UTF-8"?>
<!-- Generated by org.testng.reporters.JUnitReportReporter -->
<testsuite hostname="Devi" failures="0" tests="1" name="com.vtiger.crm.oppurtunitytest.CreateOppurtunityWithOrganization" time="24.047" errors="0" timestamp="2024-09-28T18:12:50 IST" skipped="0">
  <testcase classname="com.vtiger.crm.oppurtunitytest.CreateOppurtunityWithOrganization" name="createOppurtunity" time="24.047"/>
  <system-out/>
</testsuite> <!-- com.vtiger.crm.oppurtunitytest.CreateOppurtunityWithOrganization -->
