<?xml version="1.0" encoding="UTF-8"?>
<!-- Generated by org.testng.reporters.JUnitReportReporter -->
<testsuite hostname="Devi" failures="0" tests="1" name="practiceverification.testng.AmazonTest" time="9.297" errors="0" timestamp="2024-09-20T10:39:06 IST" skipped="0">
  <testcase classname="practiceverification.testng.AmazonTest" name="sampleScreenshot" time="9.297"/>
</testsuite> <!-- practiceverification.testng.AmazonTest -->
