<?xml version="1.0" encoding="UTF-8"?>
<!-- Generated by org.testng.reporters.JUnitReportReporter -->
<testsuite hostname="Devi" failures="0" tests="1" name="practice.pom.repository.AutoHealingConcept" time="8.840" errors="0" timestamp="2024-09-10T14:51:58 IST" skipped="0">
  <testcase classname="practice.pom.repository.AutoHealingConcept" name="sampleTest" time="8.840"/>
</testsuite> <!-- practice.pom.repository.AutoHealingConcept -->
