<?xml version="1.0" encoding="UTF-8"?>
<!-- Generated by org.testng.reporters.JUnitReportReporter -->
<testsuite hostname="Devi" failures="0" tests="1" name="com.vtiger.crm.producttest.ProductWithDate" time="13.825" errors="0" timestamp="2024-09-28T14:59:51 IST" skipped="0">
  <testcase classname="com.vtiger.crm.producttest.ProductWithDate" name="productWithDate" time="13.825"/>
  <system-out/>
</testsuite> <!-- com.vtiger.crm.producttest.ProductWithDate -->
