<?xml version="1.0" encoding="UTF-8"?>
<!-- Generated by org.testng.reporters.JUnitReportReporter -->
<testsuite hostname="Devi" failures="0" tests="1" name="com.vtiger.crm.oppurtunitytest.CreateOppurtunity" time="25.569" errors="0" timestamp="2024-09-27T05:42:04 IST" skipped="0">
  <testcase classname="com.vtiger.crm.oppurtunitytest.CreateOppurtunity" name="createOppurtunity" time="25.569"/>
  <system-out/>
</testsuite> <!-- com.vtiger.crm.oppurtunitytest.CreateOppurtunity -->
