<?xml version="1.0" encoding="UTF-8"?>
<!-- Generated by org.testng.reporters.JUnitReportReporter -->
<testsuite hostname="Devi" failures="0" tests="1" name="com.vtiger.crm.createproject.CreateProject" time="18.160" errors="0" timestamp="2024-10-06T22:20:38 IST" skipped="0">
  <testcase classname="com.vtiger.crm.createproject.CreateProject" name="createProject" time="18.160"/>
</testsuite> <!-- com.vtiger.crm.createproject.CreateProject -->
