<?xml version="1.0" encoding="UTF-8"?>
<!-- Generated by org.testng.reporters.JUnitReportReporter -->
<testsuite hostname="Devi" failures="0" tests="3" name="com.vtiger.crm.orgtest.CreateOrganizationTest" time="49.693" errors="0" timestamp="2024-10-08T11:23:24 IST" skipped="0">
  <testcase classname="com.vtiger.crm.orgtest.CreateOrganizationTest" name="CreateOrgTest" time="16.914"/>
  <testcase classname="com.vtiger.crm.orgtest.CreateOrganizationTest" name="CreateOrganizationwithPhoneNo" time="15.861"/>
  <testcase classname="com.vtiger.crm.orgtest.CreateOrganizationTest" name="CreateOrganizationWithIndustryType" time="16.918"/>
</testsuite> <!-- com.vtiger.crm.orgtest.CreateOrganizationTest -->
