<?xml version="1.0" encoding="UTF-8"?>
<!-- Generated by org.testng.reporters.JUnitReportReporter -->
<testsuite hostname="Devi" failures="0" tests="2" name="com.crm.vtiger.orgtest.OrgTest" time="0.012" errors="0" timestamp="2024-09-13T18:08:21 IST" skipped="0">
  <testcase classname="com.crm.vtiger.orgtest.OrgTest" name="createOrgWithIndustry" time="0.005"/>
  <testcase classname="com.crm.vtiger.orgtest.OrgTest" name="createOrg" time="0.007"/>
</testsuite> <!-- com.crm.vtiger.orgtest.OrgTest -->
