<?xml version="1.0" encoding="UTF-8"?>
<!-- Generated by org.testng.reporters.JUnitReportReporter -->
<testsuite hostname="Devi" failures="0" tests="1" name="com.vtiger.crm.orgtest.CreateOrganizationwithPhoneNo" time="15.001" errors="0" timestamp="2024-09-28T14:51:30 IST" skipped="0">
  <testcase classname="com.vtiger.crm.orgtest.CreateOrganizationwithPhoneNo" name="CreateOrganizationwithPhoneNo" time="15.001"/>
  <system-out/>
</testsuite> <!-- com.vtiger.crm.orgtest.CreateOrganizationwithPhoneNo -->
