<?xml version="1.0" encoding="UTF-8"?>
<!-- Generated by org.testng.reporters.JUnitReportReporter -->
<testsuite hostname="Devi" failures="0" tests="3" name="practice.testng.GetProductPriceTest" time="64.180" errors="0" timestamp="2024-09-13T10:54:06 IST" skipped="0">
  <testcase classname="practice.testng.GetProductPriceTest" name="getProductPrice" time="17.200"/>
  <testcase classname="practice.testng.GetProductPriceTest" name="getProductPrice" time="18.446"/>
  <testcase classname="practice.testng.GetProductPriceTest" name="getProductPrice" time="28.534"/>
</testsuite> <!-- practice.testng.GetProductPriceTest -->
