<?xml version="1.0" encoding="UTF-8"?>
<!-- Generated by org.testng.reporters.JUnitReportReporter -->
<testsuite hostname="Devi" failures="0" tests="1" name="com.vtiger.crm.producttest.CreateProduct" time="13.123" errors="0" timestamp="2024-09-28T14:59:14 IST" skipped="0">
  <testcase classname="com.vtiger.crm.producttest.CreateProduct" name="createproduct" time="13.123"/>
  <system-out/>
</testsuite> <!-- com.vtiger.crm.producttest.CreateProduct -->
