<?xml version="1.0" encoding="UTF-8"?>
<!-- Generated by org.testng.reporters.JUnitReportReporter -->
<testsuite hostname="Devi" failures="0" tests="1" name="com.vtiger.crm.oppurtunitytest.CreateOppurtunityWithOrganization" time="40.377" errors="0" timestamp="2024-10-06T22:20:38 IST" skipped="0">
  <testcase classname="com.vtiger.crm.oppurtunitytest.CreateOppurtunityWithOrganization" name="createOppurtunity" time="40.377"/>
</testsuite> <!-- com.vtiger.crm.oppurtunitytest.CreateOppurtunityWithOrganization -->
