<?xml version="1.0" encoding="UTF-8"?>
<!-- Generated by org.testng.reporters.JUnitReportReporter -->
<testsuite hostname="Devi" failures="0" tests="2" name="com.vtiger.crm.producttest.CreateProduct" time="33.634" errors="0" timestamp="2024-10-06T22:20:38 IST" skipped="0">
  <testcase classname="com.vtiger.crm.producttest.CreateProduct" name="productWithDate" time="15.818"/>
  <testcase classname="com.vtiger.crm.producttest.CreateProduct" name="createproduct" time="17.816"/>
</testsuite> <!-- com.vtiger.crm.producttest.CreateProduct -->
