<?xml version="1.0" encoding="UTF-8"?>
<!-- Generated by org.testng.reporters.JUnitReportReporter -->
<testsuite hostname="Devi" failures="0" tests="1" name="com.vtiger.crm.leadstest.CreateLeadTest" time="22.339" errors="0" timestamp="2024-10-06T22:20:38 IST" skipped="0">
  <testcase classname="com.vtiger.crm.leadstest.CreateLeadTest" name="createLeadTest" time="22.339"/>
</testsuite> <!-- com.vtiger.crm.leadstest.CreateLeadTest -->
