<?xml version="1.0" encoding="UTF-8"?>
<!-- Generated by org.testng.reporters.JUnitReportReporter -->
<testsuite hostname="Devi" failures="0" tests="2" name="practice.testng.SampleReportTest" time="6.122" errors="0" timestamp="2024-09-24T15:50:37 IST" skipped="0">
  <testcase classname="practice.testng.SampleReportTest" name="createContactWithOrgTest" time="0.270"/>
  <testcase classname="practice.testng.SampleReportTest" name="createContactWithPhoneNoTest" time="5.852"/>
</testsuite> <!-- practice.testng.SampleReportTest -->
