<?xml version="1.0" encoding="UTF-8"?>
<!-- Generated by org.testng.reporters.JUnitReportReporter -->
<testsuite hostname="Devi" failures="0" tests="1" name="com.vtiger.crm.vendortest.CreateVendorWithPurchaseOrder" time="30.238" errors="0" timestamp="2024-09-28T19:38:23 IST" skipped="0">
  <testcase classname="com.vtiger.crm.vendortest.CreateVendorWithPurchaseOrder" name="CreateVendorWithOrder" time="30.238"/>
  <system-out/>
</testsuite> <!-- com.vtiger.crm.vendortest.CreateVendorWithPurchaseOrder -->
