<?xml version="1.0" encoding="UTF-8"?>
<!-- Generated by org.testng.reporters.JUnitReportReporter -->
<testsuite hostname="Devi" failures="0" tests="1" name="practice.testng.CaptureTimeForScreenShot" time="0.044" errors="0" timestamp="2024-09-20T15:58:15 IST" skipped="0">
  <testcase classname="practice.testng.CaptureTimeForScreenShot" name="captureTimeStamp" time="0.044"/>
</testsuite> <!-- practice.testng.CaptureTimeForScreenShot -->
