<?xml version="1.0" encoding="UTF-8"?>
<!-- Generated by org.testng.reporters.JUnitReportReporter -->
<testsuite hostname="Devi" failures="0" tests="1" name="practiceverification.testng.SampleTest" time="0.009" errors="0" timestamp="2024-09-20T09:51:44 IST" skipped="0">
  <testcase classname="practiceverification.testng.SampleTest" name="homeSampleTest" time="0.009">
    <system-out>
      <![CDATA[test starts
step1
step2
step3
step4
step5
test ends]]>
    </system-out>
  </testcase> <!-- homeSampleTest -->
  <system-out>
    <![CDATA[test starts
step1
step2
step3
step4
step5
test ends]]>
  </system-out>
</testsuite> <!-- practiceverification.testng.SampleTest -->
