<?xml version="1.0" encoding="UTF-8"?>
<!-- Generated by org.testng.reporters.JUnitReportReporter -->
<testsuite hostname="Devi" failures="0" tests="1" name="com.vtiger.crm.createproject.CreateProject" time="11.226" errors="0" timestamp="2024-09-28T21:26:20 IST" skipped="0">
  <testcase classname="com.vtiger.crm.createproject.CreateProject" name="createProject" time="11.226"/>
  <system-out/>
</testsuite> <!-- com.vtiger.crm.createproject.CreateProject -->
