<?xml version="1.0" encoding="UTF-8"?>
<!-- Generated by org.testng.reporters.JUnitReportReporter -->
<testsuite hostname="Devi" failures="0" tests="1" name="com.vtiger.crm.orgtest.CreateOrganizationwithPhoneNo" time="16.255" errors="0" timestamp="2024-10-03T23:55:46 IST" skipped="0">
  <testcase classname="com.vtiger.crm.orgtest.CreateOrganizationwithPhoneNo" name="CreateOrganizationwithPhoneNo" time="16.255"/>
</testsuite> <!-- com.vtiger.crm.orgtest.CreateOrganizationwithPhoneNo -->
