<?xml version="1.0" encoding="UTF-8"?>
<!-- Generated by org.testng.reporters.JUnitReportReporter -->
<testsuite hostname="Devi" failures="0" tests="3" name="practice.testng.Sample" time="15.465" errors="0" timestamp="2024-09-27T11:20:54 IST" skipped="0">
  <testcase classname="practice.testng.Sample" name="createContact" time="5.162"/>
  <system-out/>
  <testcase classname="practice.testng.Sample" name="createContact" time="5.151"/>
  <system-out/>
  <testcase classname="practice.testng.Sample" name="createContact" time="5.152"/>
  <system-out/>
</testsuite> <!-- practice.testng.Sample -->
