<?xml version="1.0" encoding="UTF-8"?>
<!-- Generated by org.testng.reporters.JUnitReportReporter -->
<testsuite hostname="Devi" failures="0" tests="2" name="com.crm.vtiger.contacttest.ContactTest" time="0.008" errors="0" timestamp="2024-09-13T18:08:21 IST" skipped="0">
  <testcase classname="com.crm.vtiger.contacttest.ContactTest" name="createContact" time="0.004"/>
  <testcase classname="com.crm.vtiger.contacttest.ContactTest" name="createContactWithDate" time="0.004"/>
</testsuite> <!-- com.crm.vtiger.contacttest.ContactTest -->
